2025-02-16 17:58:23 - INFO - Start polling
2025-02-16 17:58:23 - INFO - Run polling for bot @etstweryhjierh_bot id=6864118288 - 'testetstetestasdasd'
2025-02-16 17:59:26 - INFO - Update id=93923543 is handled. Duration 297 ms by bot id=6864118288
2025-02-16 17:59:28 - INFO - Update id=93923544 is handled. Duration 155 ms by bot id=6864118288
2025-02-16 17:59:31 - INFO - Update id=93923545 is handled. Duration 110 ms by bot id=6864118288
2025-02-16 17:59:34 - INFO - Update id=93923546 is handled. Duration 156 ms by bot id=6864118288
2025-02-16 17:59:46 - INFO - Update id=93923547 is handled. Duration 218 ms by bot id=6864118288
2025-02-16 17:59:57 - INFO - Update id=93923548 is handled. Duration 94 ms by bot id=6864118288
2025-02-16 18:00:00 - INFO - Update id=93923549 is handled. Duration 93 ms by bot id=6864118288
2025-02-16 18:00:02 - INFO - ====== WebDriver manager ======
2025-02-16 18:00:04 - INFO - Get LATEST chromedriver version for google-chrome
2025-02-16 18:00:04 - INFO - Get LATEST chromedriver version for google-chrome
2025-02-16 18:00:05 - INFO - Driver [C:\Users\RUSTYCHKA\.wdm\drivers\chromedriver\win64\132.0.6834.159\chromedriver-win32/chromedriver.exe] found in cache
2025-02-16 18:04:53 - ERROR - Failed to fetch updates - TelegramNetworkError: HTTP Client says - Request timeout error
2025-02-16 18:04:53 - WARNING - Sleep for 1.000000 seconds and try again... (tryings = 0, bot id = 6864118288)
2025-02-16 18:04:57 - INFO - Update id=93923550 is handled. Duration 294641 ms by bot id=6864118288
2025-02-16 18:05:07 - INFO - Connection established (tryings = 1, bot id = 6864118288)
2025-02-16 18:05:41 - INFO - Update id=93923551 is handled. Duration 233 ms by bot id=6864118288
2025-02-16 18:05:44 - INFO - Update id=93923552 is handled. Duration 78 ms by bot id=6864118288
2025-02-16 18:05:48 - INFO - Update id=93923553 is handled. Duration 342 ms by bot id=6864118288
2025-02-16 18:11:28 - INFO - Update id=93923554 is handled. Duration 218 ms by bot id=6864118288
