2025-02-16 17:38:10 - INFO - Start polling
2025-02-16 17:38:10 - INFO - Run polling for bot @etstweryhjierh_bot id=6864118288 - 'testetstetestasdasd'
2025-02-16 17:38:20 - INFO - Update id=93923497 is handled. Duration 281 ms by bot id=6864118288
2025-02-16 17:38:22 - INFO - Update id=93923498 is handled. Duration 235 ms by bot id=6864118288
2025-02-16 17:38:23 - INFO - Update id=93923499 is handled. Duration 186 ms by bot id=6864118288
2025-02-16 17:38:26 - INFO - Update id=93923500 is handled. Duration 125 ms by bot id=6864118288
2025-02-16 17:38:30 - INFO - Update id=93923501 is handled. Duration 125 ms by bot id=6864118288
2025-02-16 17:38:32 - INFO - Update id=93923502 is handled. Duration 140 ms by bot id=6864118288
2025-02-16 17:38:33 - INFO - Update id=93923503 is handled. Duration 125 ms by bot id=6864118288
2025-02-16 17:38:34 - INFO - ====== WebDriver manager ======
2025-02-16 17:38:36 - INFO - Get LATEST chromedriver version for google-chrome
2025-02-16 17:38:36 - INFO - Get LATEST chromedriver version for google-chrome
2025-02-16 17:38:36 - INFO - Driver [C:\Users\RUSTYCHKA\.wdm\drivers\chromedriver\win64\132.0.6834.159\chromedriver-win32/chromedriver.exe] found in cache
2025-02-16 17:43:36 - ERROR - Failed to fetch updates - TelegramNetworkError: HTTP Client says - Request timeout error
2025-02-16 17:43:36 - WARNING - Sleep for 1.000000 seconds and try again... (tryings = 0, bot id = 6864118288)
2025-02-16 17:43:36 - INFO - Update id=93923504 is handled. Duration 302358 ms by bot id=6864118288
2025-02-16 17:43:42 - INFO - Connection established (tryings = 1, bot id = 6864118288)
2025-02-16 17:43:43 - INFO - Update id=93923505 is handled. Duration 266 ms by bot id=6864118288
2025-02-16 17:43:44 - INFO - Update id=93923506 is handled. Duration 93 ms by bot id=6864118288
2025-02-16 17:43:45 - INFO - Update id=93923507 is handled. Duration 171 ms by bot id=6864118288
